
> vibe-generated-app@1.0.0 dev
> vite


  VITE v5.4.20  ready in 250 ms

  ➜  Local:   http://localhost:3000/
  ➜  Network: http://172.20.0.200:3000/
1:04:15 PM [vite] Pre-transform error: Failed to resolve import "./components/GamesHub" from "src/App.jsx". Does the file exist?
1:04:16 PM [vite] Internal server error: Failed to resolve import "./components/GamesHub" from "src/App.jsx". Does the file exist?
  Plugin: vite:import-analysis
  File: /home/workspace/src/App.jsx:5:21
  4  |  import CategoryCards from "./components/CategoryCards";
  5  |  import FeaturesGrid from "./components/FeaturesGrid";
  6  |  import GamesHub from "./components/GamesHub";
     |                        ^
  7  |  import LearnHub from "./components/LearnHub";
  8  |  import QuoteProgress from "./components/QuoteProgress";
      at TransformPluginContext._formatError (file:///home/workspace/node_modules/vite/dist/node/chunks/dep-D_zLpgQd.js:49258:41)
      at TransformPluginContext.error (file:///home/workspace/node_modules/vite/dist/node/chunks/dep-D_zLpgQd.js:49253:16)
      at normalizeUrl (file:///home/workspace/node_modules/vite/dist/node/chunks/dep-D_zLpgQd.js:64306:23)
      at process.processTicksAndRejections (node:internal/process/task_queues:105:5)
      at async file:///home/workspace/node_modules/vite/dist/node/chunks/dep-D_zLpgQd.js:64438:39
      at async Promise.all (index 5)
      at async TransformPluginContext.transform (file:///home/workspace/node_modules/vite/dist/node/chunks/dep-D_zLpgQd.js:64365:7)
      at async PluginContainer.transform (file:///home/workspace/node_modules/vite/dist/node/chunks/dep-D_zLpgQd.js:49099:18)
      at async loadAndTransform (file:///home/workspace/node_modules/vite/dist/node/chunks/dep-D_zLpgQd.js:51977:27)
      at async viteTransformMiddleware (file:///home/workspace/node_modules/vite/dist/node/chunks/dep-D_zLpgQd.js:62105:24)
1:04:43 PM [vite] Internal server error: Failed to resolve import "./components/GamesHub" from "src/App.jsx". Does the file exist?
  Plugin: vite:import-analysis
  File: /home/workspace/src/App.jsx:5:21
  4  |  import CategoryCards from "./components/CategoryCards";
  5  |  import FeaturesGrid from "./components/FeaturesGrid";
  6  |  import GamesHub from "./components/GamesHub";
     |                        ^
  7  |  import LearnHub from "./components/LearnHub";
  8  |  import QuoteProgress from "./components/QuoteProgress";
      at TransformPluginContext._formatError (file:///home/workspace/node_modules/vite/dist/node/chunks/dep-D_zLpgQd.js:49258:41)
      at TransformPluginContext.error (file:///home/workspace/node_modules/vite/dist/node/chunks/dep-D_zLpgQd.js:49253:16)
      at normalizeUrl (file:///home/workspace/node_modules/vite/dist/node/chunks/dep-D_zLpgQd.js:64306:23)
      at process.processTicksAndRejections (node:internal/process/task_queues:105:5)
      at async file:///home/workspace/node_modules/vite/dist/node/chunks/dep-D_zLpgQd.js:64438:39
      at async Promise.all (index 5)
      at async TransformPluginContext.transform (file:///home/workspace/node_modules/vite/dist/node/chunks/dep-D_zLpgQd.js:64365:7)
      at async PluginContainer.transform (file:///home/workspace/node_modules/vite/dist/node/chunks/dep-D_zLpgQd.js:49099:18)
      at async loadAndTransform (file:///home/workspace/node_modules/vite/dist/node/chunks/dep-D_zLpgQd.js:51977:27)
      at async viteTransformMiddleware (file:///home/workspace/node_modules/vite/dist/node/chunks/dep-D_zLpgQd.js:62105:24)
